<?xml version="1.0" encoding="UTF-8"?>
<testng-results skipped="0" failed="0" total="1" passed="1">
  <reporter-output>
  </reporter-output>
  <suite name="Default suite" duration-ms="6214" started-at="2015-05-18T12:55:03Z" finished-at="2015-05-18T12:55:09Z">
    <groups>
    </groups>
    <test name="Default test" duration-ms="6214" started-at="2015-05-18T12:55:03Z" finished-at="2015-05-18T12:55:09Z">
      <class name="dropbox.tests.DropboxDriveTests">
        <test-method status="PASS" signature="test()[pri:0, instance:dropbox.tests.DropboxDriveTests@6286fa12]" name="test" duration-ms="6163" started-at="2015-05-18T18:25:03Z" finished-at="2015-05-18T18:25:09Z">
          <reporter-output>
          </reporter-output>
        </test-method> <!-- test -->
      </class> <!-- dropbox.tests.DropboxDriveTests -->
    </test> <!-- Default test -->
  </suite> <!-- Default suite -->
</testng-results>
