<?xml version="1.0" encoding="UTF-8"?>
<testng-results skipped="0" failed="0" total="1" passed="1">
  <reporter-output>
  </reporter-output>
  <suite name="Default suite" duration-ms="6185" started-at="2015-05-13T14:58:28Z" finished-at="2015-05-13T14:58:34Z">
    <groups>
    </groups>
    <test name="Default test" duration-ms="6185" started-at="2015-05-13T14:58:28Z" finished-at="2015-05-13T14:58:34Z">
      <class name="dropbox.tests.DropboxTests">
        <test-method status="PASS" signature="uploadFileUsingMultipartSpicification()[pri:0, instance:dropbox.tests.DropboxTests@29fc9a67]" name="uploadFileUsingMultipartSpicification" duration-ms="6162" started-at="2015-05-13T20:28:28Z" finished-at="2015-05-13T20:28:34Z">
          <reporter-output>
          </reporter-output>
        </test-method> <!-- uploadFileUsingMultipartSpicification -->
      </class> <!-- dropbox.tests.DropboxTests -->
    </test> <!-- Default test -->
  </suite> <!-- Default suite -->
</testng-results>
